action: py, msg: installpkg
cwd: /Users/abhishek/opensrc/araalinetworks/api/python/api
cmd: /Users/abhishek/opensrc/araalinetworks/api/python/api/.tox/py/bin/python -m pip install --no-deps -U .tox/.tmp/package/1/araali-0.0.21.tar.gz
Processing ./.tox/.tmp/package/1/araali-0.0.21.tar.gz
  Installing build dependencies: started
  Installing build dependencies: finished with status 'done'
  Getting requirements to build wheel: started
  Getting requirements to build wheel: finished with status 'done'
  Preparing metadata (pyproject.toml): started
  Preparing metadata (pyproject.toml): finished with status 'done'
Building wheels for collected packages: araali
  Building wheel for araali (pyproject.toml): started
  Building wheel for araali (pyproject.toml): finished with status 'done'
  Created wheel for araali: filename=araali-0.0.21-py3-none-any.whl size=31899 sha256=a2fddcd9c2ec775fae5c897e378e078715ad22b291bcab22acbc3c47760ffeff
  Stored in directory: /Users/abhishek/Library/Caches/pip/wheels/d7/dd/9a/304d9a1dd3fee252a164e2f001f6031e4a3253c8e296619787
Successfully built araali
Installing collected packages: araali
  Attempting uninstall: araali
    Found existing installation: araali 0.0.21
    Uninstalling araali-0.0.21:
      Successfully uninstalled araali-0.0.21
Successfully installed araali-0.0.21

[notice] A new release of pip available: 22.1.2 -> 22.2.2
[notice] To update, run: pip install --upgrade pip
