action: py, msg: installpkg
cwd: /Users/abhishek/opensrc/araalinetworks/api/python/api
cmd: /Users/abhishek/opensrc/araalinetworks/api/python/api/.tox/py/bin/python -m pip install --exists-action w .tox/.tmp/package/1/araali-0.0.21.tar.gz
Processing ./.tox/.tmp/package/1/araali-0.0.21.tar.gz
  Installing build dependencies: started
  Installing build dependencies: finished with status 'done'
  Getting requirements to build wheel: started
  Getting requirements to build wheel: finished with status 'done'
  Preparing metadata (pyproject.toml): started
  Preparing metadata (pyproject.toml): finished with status 'done'
Collecting requests
  Using cached requests-2.28.1-py3-none-any.whl (62 kB)
Collecting pyyaml
  Using cached PyYAML-6.0-cp39-cp39-macosx_10_9_x86_64.whl (197 kB)
Collecting protobuf<4.21.0
  Using cached protobuf-3.20.1-cp39-cp39-macosx_10_9_x86_64.whl (962 kB)
Collecting grpcio
  Using cached grpcio-1.47.0-cp39-cp39-macosx_10_10_x86_64.whl (4.4 MB)
Collecting python-dateutil
  Using cached python_dateutil-2.8.2-py2.py3-none-any.whl (247 kB)
Collecting six>=1.5.2
  Using cached six-1.16.0-py2.py3-none-any.whl (11 kB)
Collecting charset-normalizer<3,>=2
  Using cached charset_normalizer-2.1.0-py3-none-any.whl (39 kB)
Collecting certifi>=2017.4.17
  Using cached certifi-2022.6.15-py3-none-any.whl (160 kB)
Collecting urllib3<1.27,>=1.21.1
  Using cached urllib3-1.26.11-py2.py3-none-any.whl (139 kB)
Collecting idna<4,>=2.5
  Using cached idna-3.3-py3-none-any.whl (61 kB)
Building wheels for collected packages: araali
  Building wheel for araali (pyproject.toml): started
  Building wheel for araali (pyproject.toml): finished with status 'done'
  Created wheel for araali: filename=araali-0.0.21-py3-none-any.whl size=31879 sha256=5b297d9d4eeeb1db7d771582b1a83e444b43955685af310b80e339bef2605592
  Stored in directory: /Users/abhishek/Library/Caches/pip/wheels/d7/dd/9a/304d9a1dd3fee252a164e2f001f6031e4a3253c8e296619787
Successfully built araali
Installing collected packages: urllib3, six, pyyaml, protobuf, idna, charset-normalizer, certifi, requests, python-dateutil, grpcio, araali
Successfully installed araali-0.0.21 certifi-2022.6.15 charset-normalizer-2.1.0 grpcio-1.47.0 idna-3.3 protobuf-3.20.1 python-dateutil-2.8.2 pyyaml-6.0 requests-2.28.1 six-1.16.0 urllib3-1.26.11

[notice] A new release of pip available: 22.1.2 -> 22.2.2
[notice] To update, run: pip install --upgrade pip
